<?xml version="1.0" encoding="UTF-8"?>
<testsuite xmlns:xsi="http://www.w3.org/2001/XMLSchema-instance" xsi:noNamespaceSchemaLocation="https://maven.apache.org/surefire/maven-surefire-plugin/xsd/surefire-test-report.xsd" name="za.co.jaliatechnologies.spring_cloud_openfeign.SpringCloudOpenfeignApplicationTests" time="1.513" tests="1" errors="1" skipped="0" failures="0">
  <properties>
    <property name="sun.desktop" value="gnome"/>
    <property name="awt.toolkit" value="sun.awt.X11.XToolkit"/>
    <property name="file.encoding.pkg" value="sun.io"/>
    <property name="java.specification.version" value="1.8"/>
    <property name="sun.cpu.isalist" value=""/>
    <property name="sun.jnu.encoding" value="UTF-8"/>
    <property name="java.class.path" value="/home/jonathan/Documents/Spring_Boot_Open_Feign_Example/spring_cloud_openfeign/target/test-classes:/home/jonathan/Documents/Spring_Boot_Open_Feign_Example/spring_cloud_openfeign/target/classes:/home/jonathan/.m2/repository/org/springframework/boot/spring-boot-starter-web/2.4.4/spring-boot-starter-web-2.4.4.jar:/home/jonathan/.m2/repository/org/springframework/boot/spring-boot-starter/2.4.4/spring-boot-starter-2.4.4.jar:/home/jonathan/.m2/repository/org/springframework/boot/spring-boot-starter-logging/2.4.4/spring-boot-starter-logging-2.4.4.jar:/home/jonathan/.m2/repository/ch/qos/logback/logback-classic/1.2.3/logback-classic-1.2.3.jar:/home/jonathan/.m2/repository/org/apache/logging/log4j/log4j-to-slf4j/2.13.3/log4j-to-slf4j-2.13.3.jar:/home/jonathan/.m2/repository/org/apache/logging/log4j/log4j-api/2.13.3/log4j-api-2.13.3.jar:/home/jonathan/.m2/repository/org/slf4j/jul-to-slf4j/1.7.30/jul-to-slf4j-1.7.30.jar:/home/jonathan/.m2/repository/jakarta/annotation/jakarta.annotation-api/1.3.5/jakarta.annotation-api-1.3.5.jar:/home/jonathan/.m2/repository/org/yaml/snakeyaml/1.27/snakeyaml-1.27.jar:/home/jonathan/.m2/repository/org/springframework/boot/spring-boot-starter-json/2.4.4/spring-boot-starter-json-2.4.4.jar:/home/jonathan/.m2/repository/com/fasterxml/jackson/core/jackson-databind/2.11.4/jackson-databind-2.11.4.jar:/home/jonathan/.m2/repository/com/fasterxml/jackson/core/jackson-annotations/2.11.4/jackson-annotations-2.11.4.jar:/home/jonathan/.m2/repository/com/fasterxml/jackson/core/jackson-core/2.11.4/jackson-core-2.11.4.jar:/home/jonathan/.m2/repository/com/fasterxml/jackson/datatype/jackson-datatype-jdk8/2.11.4/jackson-datatype-jdk8-2.11.4.jar:/home/jonathan/.m2/repository/com/fasterxml/jackson/datatype/jackson-datatype-jsr310/2.11.4/jackson-datatype-jsr310-2.11.4.jar:/home/jonathan/.m2/repository/com/fasterxml/jackson/module/jackson-module-parameter-names/2.11.4/jackson-module-parameter-names-2.11.4.jar:/home/jonathan/.m2/repository/org/springframework/boot/spring-boot-starter-tomcat/2.4.4/spring-boot-starter-tomcat-2.4.4.jar:/home/jonathan/.m2/repository/org/apache/tomcat/embed/tomcat-embed-core/9.0.44/tomcat-embed-core-9.0.44.jar:/home/jonathan/.m2/repository/org/glassfish/jakarta.el/3.0.3/jakarta.el-3.0.3.jar:/home/jonathan/.m2/repository/org/apache/tomcat/embed/tomcat-embed-websocket/9.0.44/tomcat-embed-websocket-9.0.44.jar:/home/jonathan/.m2/repository/org/springframework/spring-web/5.3.5/spring-web-5.3.5.jar:/home/jonathan/.m2/repository/org/springframework/spring-webmvc/5.3.5/spring-webmvc-5.3.5.jar:/home/jonathan/.m2/repository/org/springframework/cloud/spring-cloud-starter-openfeign/3.0.2/spring-cloud-starter-openfeign-3.0.2.jar:/home/jonathan/.m2/repository/org/springframework/cloud/spring-cloud-starter/3.0.2/spring-cloud-starter-3.0.2.jar:/home/jonathan/.m2/repository/org/springframework/cloud/spring-cloud-context/3.0.2/spring-cloud-context-3.0.2.jar:/home/jonathan/.m2/repository/org/springframework/security/spring-security-rsa/1.0.9.RELEASE/spring-security-rsa-1.0.9.RELEASE.jar:/home/jonathan/.m2/repository/org/bouncycastle/bcpkix-jdk15on/1.64/bcpkix-jdk15on-1.64.jar:/home/jonathan/.m2/repository/org/bouncycastle/bcprov-jdk15on/1.64/bcprov-jdk15on-1.64.jar:/home/jonathan/.m2/repository/org/springframework/cloud/spring-cloud-openfeign-core/3.0.2/spring-cloud-openfeign-core-3.0.2.jar:/home/jonathan/.m2/repository/org/springframework/boot/spring-boot-starter-aop/2.4.4/spring-boot-starter-aop-2.4.4.jar:/home/jonathan/.m2/repository/org/aspectj/aspectjweaver/1.9.6/aspectjweaver-1.9.6.jar:/home/jonathan/.m2/repository/io/github/openfeign/form/feign-form-spring/3.8.0/feign-form-spring-3.8.0.jar:/home/jonathan/.m2/repository/io/github/openfeign/form/feign-form/3.8.0/feign-form-3.8.0.jar:/home/jonathan/.m2/repository/commons-fileupload/commons-fileupload/1.4/commons-fileupload-1.4.jar:/home/jonathan/.m2/repository/commons-io/commons-io/2.2/commons-io-2.2.jar:/home/jonathan/.m2/repository/org/springframework/cloud/spring-cloud-commons/3.0.2/spring-cloud-commons-3.0.2.jar:/home/jonathan/.m2/repository/org/springframework/security/spring-security-crypto/5.4.5/spring-security-crypto-5.4.5.jar:/home/jonathan/.m2/repository/io/github/openfeign/feign-slf4j/10.10.1/feign-slf4j-10.10.1.jar:/home/jonathan/.m2/repository/org/slf4j/slf4j-api/1.7.30/slf4j-api-1.7.30.jar:/home/jonathan/.m2/repository/com/squareup/okhttp/okhttp/2.7.5/okhttp-2.7.5.jar:/home/jonathan/.m2/repository/com/squareup/okio/okio/1.6.0/okio-1.6.0.jar:/home/jonathan/.m2/repository/io/github/openfeign/feign-core/11.0/feign-core-11.0.jar:/home/jonathan/.m2/repository/io/github/openfeign/feign-httpclient/11.1/feign-httpclient-11.1.jar:/home/jonathan/.m2/repository/org/springframework/boot/spring-boot-starter-test/2.4.4/spring-boot-starter-test-2.4.4.jar:/home/jonathan/.m2/repository/org/springframework/boot/spring-boot-test/2.4.4/spring-boot-test-2.4.4.jar:/home/jonathan/.m2/repository/org/springframework/boot/spring-boot-test-autoconfigure/2.4.4/spring-boot-test-autoconfigure-2.4.4.jar:/home/jonathan/.m2/repository/com/jayway/jsonpath/json-path/2.4.0/json-path-2.4.0.jar:/home/jonathan/.m2/repository/net/minidev/json-smart/2.3/json-smart-2.3.jar:/home/jonathan/.m2/repository/net/minidev/accessors-smart/1.2/accessors-smart-1.2.jar:/home/jonathan/.m2/repository/org/ow2/asm/asm/5.0.4/asm-5.0.4.jar:/home/jonathan/.m2/repository/jakarta/xml/bind/jakarta.xml.bind-api/2.3.3/jakarta.xml.bind-api-2.3.3.jar:/home/jonathan/.m2/repository/jakarta/activation/jakarta.activation-api/1.2.2/jakarta.activation-api-1.2.2.jar:/home/jonathan/.m2/repository/org/assertj/assertj-core/3.18.1/assertj-core-3.18.1.jar:/home/jonathan/.m2/repository/org/hamcrest/hamcrest/2.2/hamcrest-2.2.jar:/home/jonathan/.m2/repository/org/junit/jupiter/junit-jupiter/5.7.1/junit-jupiter-5.7.1.jar:/home/jonathan/.m2/repository/org/junit/jupiter/junit-jupiter-api/5.7.1/junit-jupiter-api-5.7.1.jar:/home/jonathan/.m2/repository/org/apiguardian/apiguardian-api/1.1.0/apiguardian-api-1.1.0.jar:/home/jonathan/.m2/repository/org/opentest4j/opentest4j/1.2.0/opentest4j-1.2.0.jar:/home/jonathan/.m2/repository/org/junit/platform/junit-platform-commons/1.7.1/junit-platform-commons-1.7.1.jar:/home/jonathan/.m2/repository/org/junit/jupiter/junit-jupiter-params/5.7.1/junit-jupiter-params-5.7.1.jar:/home/jonathan/.m2/repository/org/junit/jupiter/junit-jupiter-engine/5.7.1/junit-jupiter-engine-5.7.1.jar:/home/jonathan/.m2/repository/org/junit/platform/junit-platform-engine/1.7.1/junit-platform-engine-1.7.1.jar:/home/jonathan/.m2/repository/org/mockito/mockito-core/3.6.28/mockito-core-3.6.28.jar:/home/jonathan/.m2/repository/net/bytebuddy/byte-buddy/1.10.22/byte-buddy-1.10.22.jar:/home/jonathan/.m2/repository/net/bytebuddy/byte-buddy-agent/1.10.22/byte-buddy-agent-1.10.22.jar:/home/jonathan/.m2/repository/org/objenesis/objenesis/3.1/objenesis-3.1.jar:/home/jonathan/.m2/repository/org/mockito/mockito-junit-jupiter/3.6.28/mockito-junit-jupiter-3.6.28.jar:/home/jonathan/.m2/repository/org/skyscreamer/jsonassert/1.5.0/jsonassert-1.5.0.jar:/home/jonathan/.m2/repository/com/vaadin/external/google/android-json/0.0.20131108.vaadin1/android-json-0.0.20131108.vaadin1.jar:/home/jonathan/.m2/repository/org/springframework/spring-core/5.3.5/spring-core-5.3.5.jar:/home/jonathan/.m2/repository/org/springframework/spring-jcl/5.3.5/spring-jcl-5.3.5.jar:/home/jonathan/.m2/repository/org/springframework/spring-test/5.3.5/spring-test-5.3.5.jar:/home/jonathan/.m2/repository/org/xmlunit/xmlunit-core/2.7.0/xmlunit-core-2.7.0.jar:/home/jonathan/.m2/repository/ch/qos/logback/logback-core/1.2.3/logback-core-1.2.3.jar:/home/jonathan/.m2/repository/javax/annotation/javax.annotation-api/1.3.2/javax.annotation-api-1.3.2.jar:/home/jonathan/.m2/repository/vc/inreach/aws/aws-signing-request-interceptor/0.0.22/aws-signing-request-interceptor-0.0.22.jar:/home/jonathan/.m2/repository/com/google/guava/guava/18.0/guava-18.0.jar:/home/jonathan/.m2/repository/commons-codec/commons-codec/1.15/commons-codec-1.15.jar:/home/jonathan/.m2/repository/com/amazonaws/aws-java-sdk-core/1.10.19/aws-java-sdk-core-1.10.19.jar:/home/jonathan/.m2/repository/joda-time/joda-time/2.8.1/joda-time-2.8.1.jar:/home/jonathan/.m2/repository/com/thoughtworks/qdox/qdox/2.0-M9/qdox-2.0-M9.jar:/home/jonathan/.m2/repository/org/springframework/spring-context/4.2.4.RELEASE/spring-context-4.2.4.RELEASE.jar:/home/jonathan/.m2/repository/org/springframework/spring-aop/5.3.5/spring-aop-5.3.5.jar:/home/jonathan/.m2/repository/org/springframework/spring-beans/5.3.5/spring-beans-5.3.5.jar:/home/jonathan/.m2/repository/org/springframework/spring-expression/5.3.5/spring-expression-5.3.5.jar:/home/jonathan/.m2/repository/org/codehaus/groovy/groovy/2.4.16/groovy-2.4.16.jar:/home/jonathan/.m2/repository/org/eclipse/aether/aether-util/1.0.2.v20150114/aether-util-1.0.2.v20150114.jar:/home/jonathan/.m2/repository/org/eclipse/aether/aether-api/1.0.2.v20150114/aether-api-1.0.2.v20150114.jar:/home/jonathan/.m2/repository/io/github/openfeign/feign-annotation-error-decoder/1.3.0/feign-annotation-error-decoder-1.3.0.jar:/home/jonathan/.m2/repository/xerces/xercesImpl/2.9.1/xercesImpl-2.9.1.jar:/home/jonathan/.m2/repository/xml-apis/xml-apis/1.3.04/xml-apis-1.3.04.jar:/home/jonathan/.m2/repository/dom4j/dom4j/1.1/dom4j-1.1.jar:/home/jonathan/.m2/repository/org/apache/httpcomponents/httpcore/4.3.2/httpcore-4.3.2.jar:/home/jonathan/.m2/repository/org/apache/httpcomponents/httpclient/4.0.2/httpclient-4.0.2.jar:/home/jonathan/.m2/repository/org/springframework/boot/spring-boot/2.4.4/spring-boot-2.4.4.jar:/home/jonathan/.m2/repository/org/springframework/boot/spring-boot-autoconfigure/2.4.4/spring-boot-autoconfigure-2.4.4.jar:/home/jonathan/.m2/repository/org/jdom/jdom/1.1.3/jdom-1.1.3.jar:/home/jonathan/.m2/repository/org/codehaus/plexus/plexus-utils/3.3.0/plexus-utils-3.3.0.jar:/home/jonathan/.m2/repository/javax/persistence/javax.persistence-api/2.2/javax.persistence-api-2.2.jar:"/>
    <property name="java.vm.vendor" value="Private Build"/>
    <property name="sun.arch.data.model" value="64"/>
    <property name="java.vendor.url" value="http://java.oracle.com/"/>
    <property name="user.timezone" value=""/>
    <property name="java.vm.specification.version" value="1.8"/>
    <property name="os.name" value="Linux"/>
    <property name="user.country" value="ZA"/>
    <property name="sun.java.launcher" value="SUN_STANDARD"/>
    <property name="sun.boot.library.path" value="/usr/lib/jvm/java-8-openjdk-amd64/jre/lib/amd64"/>
    <property name="sun.java.command" value="/home/jonathan/Documents/Spring_Boot_Open_Feign_Example/spring_cloud_openfeign/target/surefire/surefirebooter5077106801621330455.jar /home/jonathan/Documents/Spring_Boot_Open_Feign_Example/spring_cloud_openfeign/target/surefire 2021-04-23T12-57-09_036-jvmRun1 surefire2124710566102285294tmp surefire_02639823734842748686tmp"/>
    <property name="surefire.test.class.path" value="/home/jonathan/Documents/Spring_Boot_Open_Feign_Example/spring_cloud_openfeign/target/test-classes:/home/jonathan/Documents/Spring_Boot_Open_Feign_Example/spring_cloud_openfeign/target/classes:/home/jonathan/.m2/repository/org/springframework/boot/spring-boot-starter-web/2.4.4/spring-boot-starter-web-2.4.4.jar:/home/jonathan/.m2/repository/org/springframework/boot/spring-boot-starter/2.4.4/spring-boot-starter-2.4.4.jar:/home/jonathan/.m2/repository/org/springframework/boot/spring-boot-starter-logging/2.4.4/spring-boot-starter-logging-2.4.4.jar:/home/jonathan/.m2/repository/ch/qos/logback/logback-classic/1.2.3/logback-classic-1.2.3.jar:/home/jonathan/.m2/repository/org/apache/logging/log4j/log4j-to-slf4j/2.13.3/log4j-to-slf4j-2.13.3.jar:/home/jonathan/.m2/repository/org/apache/logging/log4j/log4j-api/2.13.3/log4j-api-2.13.3.jar:/home/jonathan/.m2/repository/org/slf4j/jul-to-slf4j/1.7.30/jul-to-slf4j-1.7.30.jar:/home/jonathan/.m2/repository/jakarta/annotation/jakarta.annotation-api/1.3.5/jakarta.annotation-api-1.3.5.jar:/home/jonathan/.m2/repository/org/yaml/snakeyaml/1.27/snakeyaml-1.27.jar:/home/jonathan/.m2/repository/org/springframework/boot/spring-boot-starter-json/2.4.4/spring-boot-starter-json-2.4.4.jar:/home/jonathan/.m2/repository/com/fasterxml/jackson/core/jackson-databind/2.11.4/jackson-databind-2.11.4.jar:/home/jonathan/.m2/repository/com/fasterxml/jackson/core/jackson-annotations/2.11.4/jackson-annotations-2.11.4.jar:/home/jonathan/.m2/repository/com/fasterxml/jackson/core/jackson-core/2.11.4/jackson-core-2.11.4.jar:/home/jonathan/.m2/repository/com/fasterxml/jackson/datatype/jackson-datatype-jdk8/2.11.4/jackson-datatype-jdk8-2.11.4.jar:/home/jonathan/.m2/repository/com/fasterxml/jackson/datatype/jackson-datatype-jsr310/2.11.4/jackson-datatype-jsr310-2.11.4.jar:/home/jonathan/.m2/repository/com/fasterxml/jackson/module/jackson-module-parameter-names/2.11.4/jackson-module-parameter-names-2.11.4.jar:/home/jonathan/.m2/repository/org/springframework/boot/spring-boot-starter-tomcat/2.4.4/spring-boot-starter-tomcat-2.4.4.jar:/home/jonathan/.m2/repository/org/apache/tomcat/embed/tomcat-embed-core/9.0.44/tomcat-embed-core-9.0.44.jar:/home/jonathan/.m2/repository/org/glassfish/jakarta.el/3.0.3/jakarta.el-3.0.3.jar:/home/jonathan/.m2/repository/org/apache/tomcat/embed/tomcat-embed-websocket/9.0.44/tomcat-embed-websocket-9.0.44.jar:/home/jonathan/.m2/repository/org/springframework/spring-web/5.3.5/spring-web-5.3.5.jar:/home/jonathan/.m2/repository/org/springframework/spring-webmvc/5.3.5/spring-webmvc-5.3.5.jar:/home/jonathan/.m2/repository/org/springframework/cloud/spring-cloud-starter-openfeign/3.0.2/spring-cloud-starter-openfeign-3.0.2.jar:/home/jonathan/.m2/repository/org/springframework/cloud/spring-cloud-starter/3.0.2/spring-cloud-starter-3.0.2.jar:/home/jonathan/.m2/repository/org/springframework/cloud/spring-cloud-context/3.0.2/spring-cloud-context-3.0.2.jar:/home/jonathan/.m2/repository/org/springframework/security/spring-security-rsa/1.0.9.RELEASE/spring-security-rsa-1.0.9.RELEASE.jar:/home/jonathan/.m2/repository/org/bouncycastle/bcpkix-jdk15on/1.64/bcpkix-jdk15on-1.64.jar:/home/jonathan/.m2/repository/org/bouncycastle/bcprov-jdk15on/1.64/bcprov-jdk15on-1.64.jar:/home/jonathan/.m2/repository/org/springframework/cloud/spring-cloud-openfeign-core/3.0.2/spring-cloud-openfeign-core-3.0.2.jar:/home/jonathan/.m2/repository/org/springframework/boot/spring-boot-starter-aop/2.4.4/spring-boot-starter-aop-2.4.4.jar:/home/jonathan/.m2/repository/org/aspectj/aspectjweaver/1.9.6/aspectjweaver-1.9.6.jar:/home/jonathan/.m2/repository/io/github/openfeign/form/feign-form-spring/3.8.0/feign-form-spring-3.8.0.jar:/home/jonathan/.m2/repository/io/github/openfeign/form/feign-form/3.8.0/feign-form-3.8.0.jar:/home/jonathan/.m2/repository/commons-fileupload/commons-fileupload/1.4/commons-fileupload-1.4.jar:/home/jonathan/.m2/repository/commons-io/commons-io/2.2/commons-io-2.2.jar:/home/jonathan/.m2/repository/org/springframework/cloud/spring-cloud-commons/3.0.2/spring-cloud-commons-3.0.2.jar:/home/jonathan/.m2/repository/org/springframework/security/spring-security-crypto/5.4.5/spring-security-crypto-5.4.5.jar:/home/jonathan/.m2/repository/io/github/openfeign/feign-slf4j/10.10.1/feign-slf4j-10.10.1.jar:/home/jonathan/.m2/repository/org/slf4j/slf4j-api/1.7.30/slf4j-api-1.7.30.jar:/home/jonathan/.m2/repository/com/squareup/okhttp/okhttp/2.7.5/okhttp-2.7.5.jar:/home/jonathan/.m2/repository/com/squareup/okio/okio/1.6.0/okio-1.6.0.jar:/home/jonathan/.m2/repository/io/github/openfeign/feign-core/11.0/feign-core-11.0.jar:/home/jonathan/.m2/repository/io/github/openfeign/feign-httpclient/11.1/feign-httpclient-11.1.jar:/home/jonathan/.m2/repository/org/springframework/boot/spring-boot-starter-test/2.4.4/spring-boot-starter-test-2.4.4.jar:/home/jonathan/.m2/repository/org/springframework/boot/spring-boot-test/2.4.4/spring-boot-test-2.4.4.jar:/home/jonathan/.m2/repository/org/springframework/boot/spring-boot-test-autoconfigure/2.4.4/spring-boot-test-autoconfigure-2.4.4.jar:/home/jonathan/.m2/repository/com/jayway/jsonpath/json-path/2.4.0/json-path-2.4.0.jar:/home/jonathan/.m2/repository/net/minidev/json-smart/2.3/json-smart-2.3.jar:/home/jonathan/.m2/repository/net/minidev/accessors-smart/1.2/accessors-smart-1.2.jar:/home/jonathan/.m2/repository/org/ow2/asm/asm/5.0.4/asm-5.0.4.jar:/home/jonathan/.m2/repository/jakarta/xml/bind/jakarta.xml.bind-api/2.3.3/jakarta.xml.bind-api-2.3.3.jar:/home/jonathan/.m2/repository/jakarta/activation/jakarta.activation-api/1.2.2/jakarta.activation-api-1.2.2.jar:/home/jonathan/.m2/repository/org/assertj/assertj-core/3.18.1/assertj-core-3.18.1.jar:/home/jonathan/.m2/repository/org/hamcrest/hamcrest/2.2/hamcrest-2.2.jar:/home/jonathan/.m2/repository/org/junit/jupiter/junit-jupiter/5.7.1/junit-jupiter-5.7.1.jar:/home/jonathan/.m2/repository/org/junit/jupiter/junit-jupiter-api/5.7.1/junit-jupiter-api-5.7.1.jar:/home/jonathan/.m2/repository/org/apiguardian/apiguardian-api/1.1.0/apiguardian-api-1.1.0.jar:/home/jonathan/.m2/repository/org/opentest4j/opentest4j/1.2.0/opentest4j-1.2.0.jar:/home/jonathan/.m2/repository/org/junit/platform/junit-platform-commons/1.7.1/junit-platform-commons-1.7.1.jar:/home/jonathan/.m2/repository/org/junit/jupiter/junit-jupiter-params/5.7.1/junit-jupiter-params-5.7.1.jar:/home/jonathan/.m2/repository/org/junit/jupiter/junit-jupiter-engine/5.7.1/junit-jupiter-engine-5.7.1.jar:/home/jonathan/.m2/repository/org/junit/platform/junit-platform-engine/1.7.1/junit-platform-engine-1.7.1.jar:/home/jonathan/.m2/repository/org/mockito/mockito-core/3.6.28/mockito-core-3.6.28.jar:/home/jonathan/.m2/repository/net/bytebuddy/byte-buddy/1.10.22/byte-buddy-1.10.22.jar:/home/jonathan/.m2/repository/net/bytebuddy/byte-buddy-agent/1.10.22/byte-buddy-agent-1.10.22.jar:/home/jonathan/.m2/repository/org/objenesis/objenesis/3.1/objenesis-3.1.jar:/home/jonathan/.m2/repository/org/mockito/mockito-junit-jupiter/3.6.28/mockito-junit-jupiter-3.6.28.jar:/home/jonathan/.m2/repository/org/skyscreamer/jsonassert/1.5.0/jsonassert-1.5.0.jar:/home/jonathan/.m2/repository/com/vaadin/external/google/android-json/0.0.20131108.vaadin1/android-json-0.0.20131108.vaadin1.jar:/home/jonathan/.m2/repository/org/springframework/spring-core/5.3.5/spring-core-5.3.5.jar:/home/jonathan/.m2/repository/org/springframework/spring-jcl/5.3.5/spring-jcl-5.3.5.jar:/home/jonathan/.m2/repository/org/springframework/spring-test/5.3.5/spring-test-5.3.5.jar:/home/jonathan/.m2/repository/org/xmlunit/xmlunit-core/2.7.0/xmlunit-core-2.7.0.jar:/home/jonathan/.m2/repository/ch/qos/logback/logback-core/1.2.3/logback-core-1.2.3.jar:/home/jonathan/.m2/repository/javax/annotation/javax.annotation-api/1.3.2/javax.annotation-api-1.3.2.jar:/home/jonathan/.m2/repository/vc/inreach/aws/aws-signing-request-interceptor/0.0.22/aws-signing-request-interceptor-0.0.22.jar:/home/jonathan/.m2/repository/com/google/guava/guava/18.0/guava-18.0.jar:/home/jonathan/.m2/repository/commons-codec/commons-codec/1.15/commons-codec-1.15.jar:/home/jonathan/.m2/repository/com/amazonaws/aws-java-sdk-core/1.10.19/aws-java-sdk-core-1.10.19.jar:/home/jonathan/.m2/repository/joda-time/joda-time/2.8.1/joda-time-2.8.1.jar:/home/jonathan/.m2/repository/com/thoughtworks/qdox/qdox/2.0-M9/qdox-2.0-M9.jar:/home/jonathan/.m2/repository/org/springframework/spring-context/4.2.4.RELEASE/spring-context-4.2.4.RELEASE.jar:/home/jonathan/.m2/repository/org/springframework/spring-aop/5.3.5/spring-aop-5.3.5.jar:/home/jonathan/.m2/repository/org/springframework/spring-beans/5.3.5/spring-beans-5.3.5.jar:/home/jonathan/.m2/repository/org/springframework/spring-expression/5.3.5/spring-expression-5.3.5.jar:/home/jonathan/.m2/repository/org/codehaus/groovy/groovy/2.4.16/groovy-2.4.16.jar:/home/jonathan/.m2/repository/org/eclipse/aether/aether-util/1.0.2.v20150114/aether-util-1.0.2.v20150114.jar:/home/jonathan/.m2/repository/org/eclipse/aether/aether-api/1.0.2.v20150114/aether-api-1.0.2.v20150114.jar:/home/jonathan/.m2/repository/io/github/openfeign/feign-annotation-error-decoder/1.3.0/feign-annotation-error-decoder-1.3.0.jar:/home/jonathan/.m2/repository/xerces/xercesImpl/2.9.1/xercesImpl-2.9.1.jar:/home/jonathan/.m2/repository/xml-apis/xml-apis/1.3.04/xml-apis-1.3.04.jar:/home/jonathan/.m2/repository/dom4j/dom4j/1.1/dom4j-1.1.jar:/home/jonathan/.m2/repository/org/apache/httpcomponents/httpcore/4.3.2/httpcore-4.3.2.jar:/home/jonathan/.m2/repository/org/apache/httpcomponents/httpclient/4.0.2/httpclient-4.0.2.jar:/home/jonathan/.m2/repository/org/springframework/boot/spring-boot/2.4.4/spring-boot-2.4.4.jar:/home/jonathan/.m2/repository/org/springframework/boot/spring-boot-autoconfigure/2.4.4/spring-boot-autoconfigure-2.4.4.jar:/home/jonathan/.m2/repository/org/jdom/jdom/1.1.3/jdom-1.1.3.jar:/home/jonathan/.m2/repository/org/codehaus/plexus/plexus-utils/3.3.0/plexus-utils-3.3.0.jar:/home/jonathan/.m2/repository/javax/persistence/javax.persistence-api/2.2/javax.persistence-api-2.2.jar:"/>
    <property name="sun.cpu.endian" value="little"/>
    <property name="user.home" value="/home/jonathan"/>
    <property name="user.language" value="en"/>
    <property name="java.specification.vendor" value="Oracle Corporation"/>
    <property name="java.home" value="/usr/lib/jvm/java-8-openjdk-amd64/jre"/>
    <property name="basedir" value="/home/jonathan/Documents/Spring_Boot_Open_Feign_Example/spring_cloud_openfeign"/>
    <property name="file.separator" value="/"/>
    <property name="line.separator" value="&#10;"/>
    <property name="java.vm.specification.vendor" value="Oracle Corporation"/>
    <property name="java.specification.name" value="Java Platform API Specification"/>
    <property name="java.awt.graphicsenv" value="sun.awt.X11GraphicsEnvironment"/>
    <property name="surefire.real.class.path" value="/home/jonathan/Documents/Spring_Boot_Open_Feign_Example/spring_cloud_openfeign/target/surefire/surefirebooter5077106801621330455.jar"/>
    <property name="sun.boot.class.path" value="/usr/lib/jvm/java-8-openjdk-amd64/jre/lib/resources.jar:/usr/lib/jvm/java-8-openjdk-amd64/jre/lib/rt.jar:/usr/lib/jvm/java-8-openjdk-amd64/jre/lib/sunrsasign.jar:/usr/lib/jvm/java-8-openjdk-amd64/jre/lib/jsse.jar:/usr/lib/jvm/java-8-openjdk-amd64/jre/lib/jce.jar:/usr/lib/jvm/java-8-openjdk-amd64/jre/lib/charsets.jar:/usr/lib/jvm/java-8-openjdk-amd64/jre/lib/jfr.jar:/usr/lib/jvm/java-8-openjdk-amd64/jre/classes"/>
    <property name="sun.management.compiler" value="HotSpot 64-Bit Tiered Compilers"/>
    <property name="java.runtime.version" value="1.8.0_282-8u282-b08-0ubuntu1~20.04-b08"/>
    <property name="user.name" value="jonathan"/>
    <property name="path.separator" value=":"/>
    <property name="os.version" value="5.8.0-50-generic"/>
    <property name="java.endorsed.dirs" value="/usr/lib/jvm/java-8-openjdk-amd64/jre/lib/endorsed"/>
    <property name="java.runtime.name" value="OpenJDK Runtime Environment"/>
    <property name="file.encoding" value="UTF-8"/>
    <property name="java.vm.name" value="OpenJDK 64-Bit Server VM"/>
    <property name="localRepository" value="/home/jonathan/.m2/repository"/>
    <property name="java.vendor.url.bug" value="http://bugreport.sun.com/bugreport/"/>
    <property name="java.io.tmpdir" value="/tmp"/>
    <property name="java.version" value="1.8.0_282"/>
    <property name="user.dir" value="/home/jonathan/Documents/Spring_Boot_Open_Feign_Example/spring_cloud_openfeign"/>
    <property name="os.arch" value="amd64"/>
    <property name="java.vm.specification.name" value="Java Virtual Machine Specification"/>
    <property name="java.awt.printerjob" value="sun.print.PSPrinterJob"/>
    <property name="sun.os.patch.level" value="unknown"/>
    <property name="java.library.path" value="/usr/java/packages/lib/amd64:/usr/lib/x86_64-linux-gnu/jni:/lib/x86_64-linux-gnu:/usr/lib/x86_64-linux-gnu:/usr/lib/jni:/lib:/usr/lib"/>
    <property name="java.vm.info" value="mixed mode"/>
    <property name="java.vendor" value="Private Build"/>
    <property name="java.vm.version" value="25.282-b08"/>
    <property name="java.ext.dirs" value="/usr/lib/jvm/java-8-openjdk-amd64/jre/lib/ext:/usr/java/packages/lib/ext"/>
    <property name="sun.io.unicode.encoding" value="UnicodeLittle"/>
    <property name="java.class.version" value="52.0"/>
  </properties>
  <testcase name="za.co.jaliatechnologies.spring_cloud_openfeign.SpringCloudOpenfeignApplicationTests" classname="za.co.jaliatechnologies.spring_cloud_openfeign.SpringCloudOpenfeignApplicationTests" time="1.5">
    <error message="Failed to read candidate component class: file [/home/jonathan/Documents/Spring_Boot_Open_Feign_Example/spring_cloud_openfeign/target/classes/za/co/jaliatechnologies/spring_cloud_openfeign/SpringCloudOpenFeignApplication.class]; nested exception is org.springframework.core.annotation.AnnotationConfigurationException: Attribute &apos;proxyBeanMethods&apos; in annotation [org.springframework.boot.autoconfigure.SpringBootApplication] is declared as an @AliasFor nonexistent attribute &apos;proxyBeanMethods&apos; in annotation [org.springframework.context.annotation.Configuration]." type="org.springframework.beans.factory.BeanDefinitionStoreException">org.springframework.beans.factory.BeanDefinitionStoreException: Failed to read candidate component class: file [/home/jonathan/Documents/Spring_Boot_Open_Feign_Example/spring_cloud_openfeign/target/classes/za/co/jaliatechnologies/spring_cloud_openfeign/SpringCloudOpenFeignApplication.class]; nested exception is org.springframework.core.annotation.AnnotationConfigurationException: Attribute 'proxyBeanMethods' in annotation [org.springframework.boot.autoconfigure.SpringBootApplication] is declared as an @AliasFor nonexistent attribute 'proxyBeanMethods' in annotation [org.springframework.context.annotation.Configuration].
Caused by: org.springframework.core.annotation.AnnotationConfigurationException: Attribute 'proxyBeanMethods' in annotation [org.springframework.boot.autoconfigure.SpringBootApplication] is declared as an @AliasFor nonexistent attribute 'proxyBeanMethods' in annotation [org.springframework.context.annotation.Configuration].
</error>
    <system-out><![CDATA[12:57:14.138 [main] DEBUG org.springframework.test.context.BootstrapUtils - Instantiating CacheAwareContextLoaderDelegate from class [org.springframework.test.context.cache.DefaultCacheAwareContextLoaderDelegate]
12:57:14.232 [main] DEBUG org.springframework.test.context.BootstrapUtils - Instantiating BootstrapContext using constructor [public org.springframework.test.context.support.DefaultBootstrapContext(java.lang.Class,org.springframework.test.context.CacheAwareContextLoaderDelegate)]
12:57:14.399 [main] DEBUG org.springframework.test.context.BootstrapUtils - Instantiating TestContextBootstrapper for test class [za.co.jaliatechnologies.spring_cloud_openfeign.SpringCloudOpenfeignApplicationTests] from class [org.springframework.boot.test.context.SpringBootTestContextBootstrapper]
12:57:14.477 [main] INFO org.springframework.boot.test.context.SpringBootTestContextBootstrapper - Neither @ContextConfiguration nor @ContextHierarchy found for test class [za.co.jaliatechnologies.spring_cloud_openfeign.SpringCloudOpenfeignApplicationTests], using SpringBootContextLoader
12:57:14.502 [main] DEBUG org.springframework.test.context.support.AbstractContextLoader - Did not detect default resource location for test class [za.co.jaliatechnologies.spring_cloud_openfeign.SpringCloudOpenfeignApplicationTests]: class path resource [za/co/jaliatechnologies/spring_cloud_openfeign/SpringCloudOpenfeignApplicationTests-context.xml] does not exist
12:57:14.503 [main] DEBUG org.springframework.test.context.support.AbstractContextLoader - Did not detect default resource location for test class [za.co.jaliatechnologies.spring_cloud_openfeign.SpringCloudOpenfeignApplicationTests]: class path resource [za/co/jaliatechnologies/spring_cloud_openfeign/SpringCloudOpenfeignApplicationTestsContext.groovy] does not exist
12:57:14.504 [main] INFO org.springframework.test.context.support.AbstractContextLoader - Could not detect default resource locations for test class [za.co.jaliatechnologies.spring_cloud_openfeign.SpringCloudOpenfeignApplicationTests]: no resource found for suffixes {-context.xml, Context.groovy}.
12:57:14.507 [main] INFO org.springframework.test.context.support.AnnotationConfigContextLoaderUtils - Could not detect default configuration classes for test class [za.co.jaliatechnologies.spring_cloud_openfeign.SpringCloudOpenfeignApplicationTests]: SpringCloudOpenfeignApplicationTests does not declare any static, non-private, non-final, nested classes annotated with @Configuration.
12:57:14.950 [main] DEBUG org.springframework.test.context.support.ActiveProfilesUtils - Could not find an 'annotation declaring class' for annotation type [org.springframework.test.context.ActiveProfiles] and class [za.co.jaliatechnologies.spring_cloud_openfeign.SpringCloudOpenfeignApplicationTests]
]]></system-out>
  </testcase>
</testsuite>